d:\directx9_projects\abengine\x64\debug\abengine.pch
d:\directx9_projects\abengine\x64\debug\vc143.pdb
d:\directx9_projects\abengine\x64\debug\dxut.obj
d:\directx9_projects\abengine\x64\debug\sdkmisc.obj
d:\directx9_projects\abengine\x64\debug\sdkmesh.obj
d:\directx9_projects\abengine\x64\debug\dxutsettingsdlg.obj
d:\directx9_projects\abengine\x64\debug\dxutres.obj
d:\directx9_projects\abengine\x64\debug\dxutgui.obj
d:\directx9_projects\abengine\x64\debug\dxutcamera.obj
d:\directx9_projects\abengine\x64\debug\dxutmisc.obj
d:\directx9_projects\abengine\x64\debug\dxutenum.obj
d:\directx9_projects\abengine\x64\debug\abengine.obj
d:\directx9_projects\abengine\x64\debug\abengine.res
d:\directx9_projects\abengine\x64\debug\abengine.exe
d:\directx9_projects\abengine\x64\debug\abengine.ilk
d:\directx9_projects\abengine\x64\debug\abengine.pdb
d:\directx9_projects\abengine\x64\debug\abengine.tlog\cl.read.1.tlog
d:\directx9_projects\abengine\x64\debug\abengine.tlog\cl.write.1.tlog
d:\directx9_projects\abengine\x64\debug\abengine.tlog\cl.command.1.tlog
d:\directx9_projects\abengine\x64\debug\abengine.tlog\rc.read.1.tlog
d:\directx9_projects\abengine\x64\debug\abengine.tlog\rc.write.1.tlog
d:\directx9_projects\abengine\x64\debug\abengine.tlog\rc.command.1.tlog
d:\directx9_projects\abengine\x64\debug\abengine.tlog\link.read.2.tlog
d:\directx9_projects\abengine\x64\debug\abengine.tlog\link.write.1.tlog
d:\directx9_projects\abengine\x64\debug\abengine.tlog\link.command.1.tlog
